<?xml version="1.0" encoding="UTF-8"?>
<!-- Generated by org.testng.reporters.JUnitReportReporter -->
<testsuite skipped="0" hostname="LAPTOP-4A09D7UF" name="test.testclass" tests="1" failures="0" timestamp="2020-12-31T07:57:35 IST" time="18.835" errors="0">
  <testcase name="f" time="18.835" classname="test.testclass"/>
  <system-out/>
</testsuite> <!-- test.testclass -->
